app/build/intermediates/manifest_merge_blame_file/release/manifest-merger-blame-release-report.txt
1<?xml version="1.0" encoding="utf-8"?>
2<manifest xmlns:android="http://schemas.android.com/apk/res/android"
3    package="com.example.karl.myapplication"
4    android:versionCode="1"
5    android:versionName="1.0" >
6
7    <uses-sdk
8        android:minSdkVersion="16"
8-->src/main/AndroidManifest.xml
9        android:targetSdkVersion="28" />
9-->src/main/AndroidManifest.xml
10
11    <application
11-->src/main/AndroidManifest.xml:5:5-15:19
12        android:appComponentFactory="android.support.v4.app.CoreComponentFactory"
12-->[com.android.support:support-compat:28.0.0] AndroidManifest.xml:22:18-91
13        android:label="Demo App"
13-->src/main/AndroidManifest.xml:6:9-33
14        android:theme="@style/AppTheme" >
14-->src/main/AndroidManifest.xml:7:9-40
15        <activity android:name="com.example.kogisu.myapp.MainActivity" >
15-->src/main/AndroidManifest.xml:9:9-14:20
15-->src/main/AndroidManifest.xml:9:19-47
16            <intent-filter>
16-->src/main/AndroidManifest.xml:10:13-13:29
17                <action android:name="android.intent.action.MAIN" />
17-->src/main/AndroidManifest.xml:11:17-69
17-->src/main/AndroidManifest.xml:11:25-66
18
19                <category android:name="android.intent.category.LAUNCHER" />
19-->src/main/AndroidManifest.xml:12:17-77
19-->src/main/AndroidManifest.xml:12:27-74
20            </intent-filter>
21        </activity>
22    </application>
23
24</manifest>